<?xml version="1.0" encoding="UTF-8"?>
<!-- Generated by org.testng.reporters.JUnitReportReporter -->
<testsuite hostname="DESKTOP-PSF41UD" failures="0" tests="12" name="com.watchtower.testCases.TC_Settings_006" time="10.535" errors="0" timestamp="2024-02-27T16:26:15 IST" skipped="0">
  <testcase classname="com.watchtower.testCases.TC_Settings_006" name="Settings" time="2.051"/>
  <testcase classname="com.watchtower.testCases.TC_Settings_006" name="AddNewCurrency" time="3.052"/>
  <testcase classname="com.watchtower.testCases.TC_Settings_006" name="AddCurrencyDetails" time="0.176"/>
  <testcase classname="com.watchtower.testCases.TC_Settings_006" name="SettingsSearchCurrency" time="0.094"/>
  <testcase classname="com.watchtower.testCases.TC_Settings_006" name="ClickCountries" time="0.399"/>
  <testcase classname="com.watchtower.testCases.TC_Settings_006" name="ClickAddNewCountry" time="1.052"/>
  <testcase classname="com.watchtower.testCases.TC_Settings_006" name="AddCountryDetails" time="0.088"/>
  <testcase classname="com.watchtower.testCases.TC_Settings_006" name="SettingsSearchCountry" time="0.049"/>
  <testcase classname="com.watchtower.testCases.TC_Settings_006" name="ClickStates" time="2.282"/>
  <testcase classname="com.watchtower.testCases.TC_Settings_006" name="ClickAddNewState" time="0.051"/>
  <testcase classname="com.watchtower.testCases.TC_Settings_006" name="AddStateDetails" time="1.180"/>
  <testcase classname="com.watchtower.testCases.TC_Settings_006" name="SettingsSearchState" time="0.061"/>
</testsuite> <!-- com.watchtower.testCases.TC_Settings_006 -->
