<?xml version="1.0" encoding="UTF-8"?>
<!-- Generated by org.testng.reporters.JUnitReportReporter -->
<testsuite hostname="DESKTOP-PSF41UD" failures="0" tests="2" name="com.watchtower.testCases.TC_AMCManager_004" time="4.433" errors="0" timestamp="2024-02-27T11:58:02 IST" skipped="0">
  <testcase classname="com.watchtower.testCases.TC_AMCManager_004" name="AMCManager" time="2.059"/>
  <testcase classname="com.watchtower.testCases.TC_AMCManager_004" name="AMCManagerSearch" time="2.374"/>
</testsuite> <!-- com.watchtower.testCases.TC_AMCManager_004 -->
