<?xml version="1.0" encoding="UTF-8"?>
<!-- Generated by org.testng.reporters.JUnitReportReporter -->
<testsuite hostname="DESKTOP-PSF41UD" failures="0" tests="3" name="com.watchtower.testCases.TC_UserManager_004" time="7.600" errors="0" timestamp="2024-02-27T12:43:00 IST" skipped="0">
  <testcase classname="com.watchtower.testCases.TC_UserManager_004" name="UserManager" time="4.053"/>
  <testcase classname="com.watchtower.testCases.TC_UserManager_004" name="AddNewuser" time="1.460"/>
  <testcase classname="com.watchtower.testCases.TC_UserManager_004" name="UserManagerSearch" time="2.087"/>
</testsuite> <!-- com.watchtower.testCases.TC_UserManager_004 -->
