<?xml version="1.0" encoding="UTF-8"?>
<!-- Generated by org.testng.reporters.JUnitReportReporter -->
<testsuite hostname="DESKTOP-PSF41UD" failures="0" tests="4" name="com.watchtower.testCases.TC_ClientManager_002" time="14.977" errors="0" timestamp="2024-02-27T12:46:19 IST" skipped="0">
  <testcase classname="com.watchtower.testCases.TC_ClientManager_002" name="ClientManagerTest" time="4.055"/>
  <testcase classname="com.watchtower.testCases.TC_ClientManager_002" name="AddNewClient" time="3.749"/>
  <testcase classname="com.watchtower.testCases.TC_ClientManager_002" name="SearchFunctionalityTest" time="5.101"/>
  <testcase classname="com.watchtower.testCases.TC_ClientManager_002" name="DeleteFunction" time="2.072"/>
</testsuite> <!-- com.watchtower.testCases.TC_ClientManager_002 -->
