<?xml version="1.0" encoding="UTF-8"?>
<!-- Generated by org.testng.reporters.JUnitReportReporter -->
<testsuite hostname="DESKTOP-PSF41UD" failures="0" tests="1" name="com.watchtower.testCases.TC_Logintest_001" time="0.366" errors="0" timestamp="2024-02-15T18:21:59 IST" skipped="0">
  <testcase classname="com.watchtower.testCases.TC_Logintest_001" name="loginTest" time="0.366"/>
</testsuite> <!-- com.watchtower.testCases.TC_Logintest_001 -->
