<?xml version="1.0" encoding="UTF-8"?>
<!-- Generated by org.testng.reporters.JUnitReportReporter -->
<testsuite hostname="DESKTOP-PSF41UD" failures="0" tests="2" name="com.watchtower.testCases.TC_MilestoneManager_003" time="6.262" errors="0" timestamp="2024-02-27T11:51:05 IST" skipped="0">
  <testcase classname="com.watchtower.testCases.TC_MilestoneManager_003" name="MilestoneManager" time="4.153"/>
  <testcase classname="com.watchtower.testCases.TC_MilestoneManager_003" name="MilestoneManagerSearch" time="2.109"/>
</testsuite> <!-- com.watchtower.testCases.TC_MilestoneManager_003 -->
