<?xml version="1.0" encoding="UTF-8"?>
<!-- Generated by org.testng.reporters.JUnitReportReporter -->
<testsuite hostname="DESKTOP-PSF41UD" failures="0" tests="1" name="com.watchtower.testCases.TC_ClientManager_002" time="6.928" errors="0" timestamp="2024-02-20T16:19:44 IST" skipped="0">
  <testcase classname="com.watchtower.testCases.TC_ClientManager_002" name="ClientManagerTest" time="6.928"/>
</testsuite> <!-- com.watchtower.testCases.TC_ClientManager_002 -->
